[2016-08-06 08:52:36,897][INFO][org.springframework.jms.connection.CachingConnectionFactory][DefaultMessageListenerContainer-1] Established shared JMS Connection: ActiveMQConnection {id=ID:ryan-ThinkCentre-M57-45558-1470487951319-2:8,clientId=null,started=false}
[2016-08-06 08:52:36,912][INFO][org.springframework.jms.listener.DefaultMessageListenerContainer][DefaultMessageListenerContainer-1] Successfully refreshed JMS Connection
[2016-08-06 08:52:36,935][INFO][org.springframework.jms.listener.DefaultMessageListenerContainer][DefaultMessageListenerContainer-1] Successfully refreshed JMS Connection
[2016-08-06 08:52:36,951][INFO][org.springframework.jms.listener.DefaultMessageListenerContainer][DefaultMessageListenerContainer-1] Successfully refreshed JMS Connection
[2016-08-06 08:52:39,781][INFO][org.springframework.jms.connection.CachingConnectionFactory][qtp28734983-66] Established shared JMS Connection: ActiveMQConnection {id=ID:ryan-ThinkCentre-M57-45558-1470487951319-2:9,clientId=null,started=false}
[2016-08-06 08:52:43,739][INFO][dcm.handler][DefaultMessageListenerContainer-2] Successfully saved image for slide#:  1
[2016-08-06 08:52:44,059][INFO][dcm.handler][DefaultMessageListenerContainer-2] Successfully saved image for slide#:  2
[2016-08-06 08:52:44,339][INFO][dcm.handler][DefaultMessageListenerContainer-2] Successfully saved image for slide#:  3
[2016-08-06 08:52:44,686][INFO][dcm.handler][DefaultMessageListenerContainer-2] Successfully saved image for slide#:  4
[2016-08-06 08:52:44,963][INFO][dcm.handler][DefaultMessageListenerContainer-2] Successfully saved image for slide#:  5
[2016-08-06 08:52:45,644][INFO][dcm.handler][DefaultMessageListenerContainer-2] Successfully saved image for slide#:  6
[2016-08-06 08:52:45,864][INFO][dcm.handler][DefaultMessageListenerContainer-2] Successfully saved image for slide#:  7
[2016-08-06 08:52:46,084][INFO][dcm.handler][DefaultMessageListenerContainer-2] Successfully saved image for slide#:  8
[2016-08-06 08:52:46,438][INFO][dcm.handler][DefaultMessageListenerContainer-2] Successfully saved image for slide#:  9
[2016-08-06 08:52:46,677][INFO][dcm.handler][DefaultMessageListenerContainer-2] Successfully saved image for slide#:  10
[2016-08-06 08:52:47,283][INFO][dcm.handler][DefaultMessageListenerContainer-2] Successfully saved image for slide#:  11
[2016-08-06 08:52:47,283][INFO][dcm.handler][DefaultMessageListenerContainer-2] Begin processing  slideshow.pptx
[2016-08-06 08:52:47,289][INFO][org.springframework.jms.connection.CachingConnectionFactory][DefaultMessageListenerContainer-2] Established shared JMS Connection: ActiveMQConnection {id=ID:ryan-ThinkCentre-M57-45558-1470487951319-2:10,clientId=null,started=false}
[2016-08-06 08:52:47,319][INFO][dcm.handler][DefaultMessageListenerContainer-2] =====================Begin image transition==================


[2016-08-06 08:52:47,321][INFO][dcm.handler][DefaultMessageListenerContainer-2] Performing image transition between  9f081457-a31c-4520-8d68-d2d8827f8f09  and  13c1a82a-4900-4c72-bc51-56bb6e322d1b
[2016-08-06 08:52:47,322][INFO][dcm.handler][DefaultMessageListenerContainer-2] Performing image transition between  13c1a82a-4900-4c72-bc51-56bb6e322d1b  and  2e9d4bc4-79d2-4f7b-8a87-2d668db2cc56
[2016-08-06 08:52:47,322][INFO][dcm.handler][DefaultMessageListenerContainer-2] Performing image transition between  2e9d4bc4-79d2-4f7b-8a87-2d668db2cc56  and  816fc617-21a2-4a32-a115-db599dbb4d1c
[2016-08-06 08:52:47,322][INFO][dcm.handler][DefaultMessageListenerContainer-2] Performing image transition between  816fc617-21a2-4a32-a115-db599dbb4d1c  and  3b797840-6888-4c4c-9b1f-7d9c08b014d5
[2016-08-06 08:52:47,323][INFO][dcm.handler][DefaultMessageListenerContainer-2] Performing image transition between  3b797840-6888-4c4c-9b1f-7d9c08b014d5  and  17d24e71-7d89-4796-b4fe-aa98b7d9c1a4
[2016-08-06 08:52:47,323][INFO][dcm.handler][DefaultMessageListenerContainer-2] Performing image transition between  17d24e71-7d89-4796-b4fe-aa98b7d9c1a4  and  3fedc059-44af-4264-9d45-d7da47d96c42
[2016-08-06 08:52:47,323][INFO][dcm.handler][DefaultMessageListenerContainer-2] Performing image transition between  3fedc059-44af-4264-9d45-d7da47d96c42  and  e2f0e4ab-9eba-45c3-861f-30f4979642e3
[2016-08-06 08:52:47,323][INFO][dcm.handler][DefaultMessageListenerContainer-2] Performing image transition between  e2f0e4ab-9eba-45c3-861f-30f4979642e3  and  a3bd790c-3cbc-4ced-9bc8-f1fc927b7e69
[2016-08-06 08:52:47,323][INFO][dcm.handler][DefaultMessageListenerContainer-2] Performing image transition between  a3bd790c-3cbc-4ced-9bc8-f1fc927b7e69  and  0659718c-7d18-4540-ac34-2e460f1bc73e
[2016-08-06 08:52:47,324][INFO][dcm.handler][DefaultMessageListenerContainer-2] Performing image transition between  0659718c-7d18-4540-ac34-2e460f1bc73e  and  0c335a13-0266-47e4-bf5c-5a2153e9a6e1
[2016-08-06 08:52:47,365][INFO][dcm.handler][DefaultMessageListenerContainer-2] Successfully processed  slideshow.pptx
[2016-08-06 08:52:47,408][INFO][dcm.handler][DefaultMessageListenerContainer-2] Successfully transitioned image:  528e2aae-19bc-4ff8-b66f-927b3d6434b0
[2016-08-06 08:52:47,473][INFO][dcm.handler][DefaultMessageListenerContainer-2] Successfully transitioned image:  c267dab2-4aad-463a-b377-dfa5a1621c28
[2016-08-06 08:52:47,535][INFO][dcm.handler][DefaultMessageListenerContainer-2] Successfully transitioned image:  f401c41c-eae3-4e91-8294-aec8a4240cdf
[2016-08-06 08:52:47,598][INFO][dcm.handler][DefaultMessageListenerContainer-2] Successfully transitioned image:  6c523d90-dd7c-40c2-9012-eed8af83d40c
[2016-08-06 08:52:47,670][INFO][dcm.handler][DefaultMessageListenerContainer-2] Successfully transitioned image:  65eea759-4fe6-4c20-8c56-6bc98938f121
[2016-08-06 08:52:47,734][INFO][dcm.handler][DefaultMessageListenerContainer-2] Successfully transitioned image:  ab754709-4c5b-49d1-b381-6c04471d10f4
[2016-08-06 08:52:47,795][INFO][dcm.handler][DefaultMessageListenerContainer-2] Successfully transitioned image:  944f151f-cba9-4dbe-b3e8-13ed5aa0e2e1
[2016-08-06 08:52:47,868][INFO][dcm.handler][DefaultMessageListenerContainer-2] Successfully transitioned image:  4c050d18-5306-45f6-87c4-c08481d063bd
[2016-08-06 08:52:47,932][INFO][dcm.handler][DefaultMessageListenerContainer-2] Successfully transitioned image:  61c974e0-ffee-4456-948c-08b5c31575a1
[2016-08-06 08:52:47,996][INFO][dcm.handler][DefaultMessageListenerContainer-2] Successfully transitioned image:  7fb424e7-dd49-4ecf-9911-02ed727fd920
[2016-08-06 08:52:48,054][INFO][dcm.handler][DefaultMessageListenerContainer-2] Successfully transitioned image:  2af9e470-cf93-4de5-a711-0b4bb89278c5
[2016-08-06 08:52:48,121][INFO][dcm.handler][DefaultMessageListenerContainer-2] Successfully transitioned image:  346dbe57-5bc8-41c6-8587-d1baf7bdf05d
[2016-08-06 08:52:48,192][INFO][dcm.handler][DefaultMessageListenerContainer-2] Successfully transitioned image:  89e471fe-b530-46df-856c-89659c111b02
[2016-08-06 08:52:48,279][INFO][dcm.handler][DefaultMessageListenerContainer-2] Successfully transitioned image:  2b3b0ba8-6ac0-4835-80f7-63bbf2aa7991
[2016-08-06 08:52:48,342][INFO][dcm.handler][DefaultMessageListenerContainer-2] Successfully transitioned image:  93a3258d-c2e1-4b7f-8dfb-c3aa1a4c1fd2
[2016-08-06 08:52:48,407][INFO][dcm.handler][DefaultMessageListenerContainer-2] Successfully transitioned image:  f8fb30a6-d3af-4939-bac2-22c276fdef66
[2016-08-06 08:52:48,470][INFO][dcm.handler][DefaultMessageListenerContainer-2] Successfully transitioned image:  f6afe2ad-b0ff-467b-af31-2249ce265720
[2016-08-06 08:52:48,534][INFO][dcm.handler][DefaultMessageListenerContainer-2] Successfully transitioned image:  e9e6b8c0-49ea-4b64-93f4-cbad3625da87
[2016-08-06 08:52:48,597][INFO][dcm.handler][DefaultMessageListenerContainer-2] Successfully transitioned image:  a95a7309-b7cd-43e4-9dfa-c86fd0ded702
[2016-08-06 08:52:48,660][INFO][dcm.handler][DefaultMessageListenerContainer-2] Successfully transitioned image:  e883e7c1-6c83-4bd7-a67b-30a54364bc9c
[2016-08-06 08:52:48,720][INFO][dcm.handler][DefaultMessageListenerContainer-2] Successfully transitioned image:  4210324e-a8e1-489e-bd9a-13debb7a4e42
[2016-08-06 08:52:48,805][INFO][dcm.handler][DefaultMessageListenerContainer-2] Successfully transitioned image:  5bf10611-3095-4094-962f-9d062c912373
[2016-08-06 08:52:48,881][INFO][dcm.handler][DefaultMessageListenerContainer-2] Successfully transitioned image:  777b1142-d413-4258-835e-4c85b95d078a
[2016-08-06 08:52:48,945][INFO][dcm.handler][DefaultMessageListenerContainer-2] Successfully transitioned image:  d6f66e4f-953b-4cc4-b721-fa9b04b81aa3
[2016-08-06 08:52:49,010][INFO][dcm.handler][DefaultMessageListenerContainer-2] Successfully transitioned image:  bd0996d8-7d2d-4d95-9b69-29ae1e8963ca
[2016-08-06 08:52:49,074][INFO][dcm.handler][DefaultMessageListenerContainer-2] Successfully transitioned image:  ba6fe7c6-40f9-4535-aedc-ae173725f800
[2016-08-06 08:52:49,137][INFO][dcm.handler][DefaultMessageListenerContainer-2] Successfully transitioned image:  4c5af8e5-2501-4688-81f3-b6bfb5143d6b
[2016-08-06 08:52:49,202][INFO][dcm.handler][DefaultMessageListenerContainer-2] Successfully transitioned image:  c714b828-588e-445c-97be-fb6f392e7bd3
[2016-08-06 08:52:49,273][INFO][dcm.handler][DefaultMessageListenerContainer-2] Successfully transitioned image:  d12071fb-3708-41e6-a9b0-01793b7eb6ac
[2016-08-06 08:52:49,347][INFO][dcm.handler][DefaultMessageListenerContainer-2] Successfully transitioned image:  37508cc7-5ae6-4350-8a6b-1b541b45b3b1
[2016-08-06 08:52:49,406][INFO][dcm.handler][DefaultMessageListenerContainer-2] Successfully transitioned image:  24915237-cb5d-4843-b851-521f8c68f3dd
[2016-08-06 08:52:49,471][INFO][dcm.handler][DefaultMessageListenerContainer-2] Successfully transitioned image:  02b904d4-5b8f-47de-a167-0a519c2b0d84
[2016-08-06 08:52:49,535][INFO][dcm.handler][DefaultMessageListenerContainer-2] Successfully transitioned image:  d3f45e92-897a-456a-aa79-843f2fdf9ea8
[2016-08-06 08:52:49,600][INFO][dcm.handler][DefaultMessageListenerContainer-2] Successfully transitioned image:  c19d15ee-4e1c-4d4f-b0bb-08c00e7a4a25
[2016-08-06 08:52:49,666][INFO][dcm.handler][DefaultMessageListenerContainer-2] Successfully transitioned image:  ed0913da-1948-4e1b-bfcd-7c44e9049d8b
[2016-08-06 08:52:49,728][INFO][dcm.handler][DefaultMessageListenerContainer-2] Successfully transitioned image:  59bc0057-32a0-4654-ae96-2729d65ed74a
[2016-08-06 08:52:49,791][INFO][dcm.handler][DefaultMessageListenerContainer-2] Successfully transitioned image:  3fd44514-8465-4aa3-88b1-dbf3970ec7a0
[2016-08-06 08:52:49,855][INFO][dcm.handler][DefaultMessageListenerContainer-2] Successfully transitioned image:  323e9f38-307b-49ef-b84c-1945c2726ef9
[2016-08-06 08:52:49,917][INFO][dcm.handler][DefaultMessageListenerContainer-2] Successfully transitioned image:  e9feff4c-27f6-43d4-a6d4-c14ece04ba6d
[2016-08-06 08:52:49,994][INFO][dcm.handler][DefaultMessageListenerContainer-2] Successfully transitioned image:  0d4a462a-7b25-448c-bcb5-dd14ed0fae87
[2016-08-06 08:52:50,052][INFO][dcm.handler][DefaultMessageListenerContainer-2] Successfully transitioned image:  d811b702-7532-4e75-b6c5-4cd47e3afb00
[2016-08-06 08:52:50,116][INFO][dcm.handler][DefaultMessageListenerContainer-2] Successfully transitioned image:  8a4e0745-8756-43f3-824f-1531647a0f88
[2016-08-06 08:52:50,178][INFO][dcm.handler][DefaultMessageListenerContainer-2] Successfully transitioned image:  f7df5e2b-ab34-484b-a360-e9df7a3e225c
[2016-08-06 08:52:50,242][INFO][dcm.handler][DefaultMessageListenerContainer-2] Successfully transitioned image:  6eda0134-452f-4b5b-89f5-d4f11c5c5c94
[2016-08-06 08:52:50,305][INFO][dcm.handler][DefaultMessageListenerContainer-2] Successfully transitioned image:  790647c1-7c93-4f62-90fc-e81b6a83f832
[2016-08-06 08:52:50,368][INFO][dcm.handler][DefaultMessageListenerContainer-2] Successfully transitioned image:  37b35ccf-3faa-4c30-b784-79de73363ff0
[2016-08-06 08:52:50,432][INFO][dcm.handler][DefaultMessageListenerContainer-2] Successfully transitioned image:  76abcbf4-ab1c-4dce-9b98-7b9b43c02e90
[2016-08-06 08:52:50,497][INFO][dcm.handler][DefaultMessageListenerContainer-2] Successfully transitioned image:  8d6f515f-3bee-4fe6-ae5d-b40408fb9b61
[2016-08-06 08:52:50,559][INFO][dcm.handler][DefaultMessageListenerContainer-2] Successfully transitioned image:  22e6a97e-0325-4ace-a08e-56464d5e46a3
[2016-08-06 08:52:50,623][INFO][dcm.handler][DefaultMessageListenerContainer-2] Successfully transitioned image:  0398d825-84ca-49b6-90f3-30567faefb37
[2016-08-06 08:52:50,681][INFO][dcm.handler][DefaultMessageListenerContainer-2] Successfully transitioned image:  49919840-c074-48bb-b1de-8bafde4d337b
[2016-08-06 08:52:50,744][INFO][dcm.handler][DefaultMessageListenerContainer-2] Successfully transitioned image:  4a6428f0-bd93-43e4-ba70-7b4ab8f08e18
[2016-08-06 08:52:50,807][INFO][dcm.handler][DefaultMessageListenerContainer-2] Successfully transitioned image:  d8ccb1fb-9d03-4d12-ad7d-15c245eb09fc
[2016-08-06 08:52:50,870][INFO][dcm.handler][DefaultMessageListenerContainer-2] Successfully transitioned image:  aea10f8b-ce4e-490a-82bb-808a7c1c4507
[2016-08-06 08:52:50,933][INFO][dcm.handler][DefaultMessageListenerContainer-2] Successfully transitioned image:  d6bf7b3f-ce74-4801-9361-3a4f8a27f1b2
[2016-08-06 08:52:50,996][INFO][dcm.handler][DefaultMessageListenerContainer-2] Successfully transitioned image:  142e469b-639e-49ff-bd6d-1f1d567668d3
[2016-08-06 08:52:51,057][INFO][dcm.handler][DefaultMessageListenerContainer-2] Successfully transitioned image:  65b813d6-9758-46b4-9514-79e279ea4abf
[2016-08-06 08:52:51,121][INFO][dcm.handler][DefaultMessageListenerContainer-2] Successfully transitioned image:  06c2e5f4-e1bb-4588-858c-3afbf2ed277a
[2016-08-06 08:52:51,185][INFO][dcm.handler][DefaultMessageListenerContainer-2] Successfully transitioned image:  fbfc4970-43ed-486f-a532-dd104b8a9d88
[2016-08-06 08:52:51,247][INFO][dcm.handler][DefaultMessageListenerContainer-2] Successfully transitioned image:  5a2436f7-c68f-4915-9a45-4bcf6bdf0cb3
[2016-08-06 08:52:51,303][INFO][dcm.handler][DefaultMessageListenerContainer-2] Successfully transitioned image:  dfc80858-5d8f-4317-8796-0d76e90ee62a
[2016-08-06 08:52:51,363][INFO][dcm.handler][DefaultMessageListenerContainer-2] Successfully transitioned image:  461a0550-aa52-4b3e-8191-e80ebf44056d
[2016-08-06 08:52:51,424][INFO][dcm.handler][DefaultMessageListenerContainer-2] Successfully transitioned image:  cbd493cb-bfa5-46f9-a374-0df59fa0adc5
[2016-08-06 08:52:51,484][INFO][dcm.handler][DefaultMessageListenerContainer-2] Successfully transitioned image:  ce4b014e-a49f-484f-b288-e4698ddd495b
[2016-08-06 08:52:51,545][INFO][dcm.handler][DefaultMessageListenerContainer-2] Successfully transitioned image:  2226240a-8a5e-4575-9cb1-689e8f489ee4
[2016-08-06 08:52:51,621][INFO][dcm.handler][DefaultMessageListenerContainer-2] Successfully transitioned image:  a78f7ead-ea45-423c-8bc7-b1fe668a7f7a
[2016-08-06 08:52:51,681][INFO][dcm.handler][DefaultMessageListenerContainer-2] Successfully transitioned image:  72ecdf9f-cda1-48ff-b1b4-bee6dd7e0f8b
[2016-08-06 08:52:51,743][INFO][dcm.handler][DefaultMessageListenerContainer-2] Successfully transitioned image:  fad61905-5354-495f-badf-c4910455cda3
[2016-08-06 08:52:51,803][INFO][dcm.handler][DefaultMessageListenerContainer-2] Successfully transitioned image:  99c8f69f-44a9-40d1-bdf3-807a54ed0a49
[2016-08-06 08:52:51,865][INFO][dcm.handler][DefaultMessageListenerContainer-2] Successfully transitioned image:  d28fdef9-b100-48c5-ab27-ff83374281ba
[2016-08-06 08:52:51,928][INFO][dcm.handler][DefaultMessageListenerContainer-2] Successfully transitioned image:  f4b14862-c7f6-4b9a-b3b6-fd93923bd7dc
[2016-08-06 08:52:52,000][INFO][dcm.handler][DefaultMessageListenerContainer-2] Successfully transitioned image:  514c2627-68a2-4c01-8109-f9e0aac5de3a
[2016-08-06 08:52:52,076][INFO][dcm.handler][DefaultMessageListenerContainer-2] Successfully transitioned image:  4e84c5fc-e85d-4049-8f73-312b0e8d54bf
[2016-08-06 08:52:52,143][INFO][dcm.handler][DefaultMessageListenerContainer-2] Successfully transitioned image:  63755142-2aa7-4654-98c9-96678b43506d
[2016-08-06 08:52:52,207][INFO][dcm.handler][DefaultMessageListenerContainer-2] Successfully transitioned image:  ec78b39e-5c53-49b3-85ca-a20b00368e4e
[2016-08-06 08:52:52,267][INFO][dcm.handler][DefaultMessageListenerContainer-2] Successfully transitioned image:  8829ba15-ca8e-4d0a-9d34-db7db06bf5ad
[2016-08-06 08:52:52,329][INFO][dcm.handler][DefaultMessageListenerContainer-2] Successfully transitioned image:  da75fea5-29e8-4279-85db-d028ac8df5e9
[2016-08-06 08:52:52,390][INFO][dcm.handler][DefaultMessageListenerContainer-2] Successfully transitioned image:  b0967de0-e742-4736-bc59-c21453873283
[2016-08-06 08:52:52,453][INFO][dcm.handler][DefaultMessageListenerContainer-2] Successfully transitioned image:  7023a773-f145-42b3-b87b-b604835c09c6
[2016-08-06 08:52:52,514][INFO][dcm.handler][DefaultMessageListenerContainer-2] Successfully transitioned image:  f45eceed-c0c7-421e-85c4-d7247e04271e
[2016-08-06 08:52:52,579][INFO][dcm.handler][DefaultMessageListenerContainer-2] Successfully transitioned image:  c114af68-ae3c-4543-bd42-4b7eed5540c5
[2016-08-06 08:52:52,642][INFO][dcm.handler][DefaultMessageListenerContainer-2] Successfully transitioned image:  66bc2ce7-e30f-4328-9055-2e3d2e20ebfc
[2016-08-06 08:52:52,704][INFO][dcm.handler][DefaultMessageListenerContainer-2] Successfully transitioned image:  52f9fd92-9143-4287-b7ed-e591e373dce4
[2016-08-06 08:52:52,767][INFO][dcm.handler][DefaultMessageListenerContainer-2] Successfully transitioned image:  c7dc5735-7726-4e40-a4fd-ab3637f31cf9
[2016-08-06 08:52:52,829][INFO][dcm.handler][DefaultMessageListenerContainer-2] Successfully transitioned image:  e73aba38-a7d2-41b4-8815-109950335960
[2016-08-06 08:52:52,891][INFO][dcm.handler][DefaultMessageListenerContainer-2] Successfully transitioned image:  25a5e4c9-976d-49cf-a115-b2fa833ba027
[2016-08-06 08:52:52,953][INFO][dcm.handler][DefaultMessageListenerContainer-2] Successfully transitioned image:  d17230e4-15ea-4ab1-8820-8ade9182007c
[2016-08-06 08:52:53,017][INFO][dcm.handler][DefaultMessageListenerContainer-2] Successfully transitioned image:  2f94f440-813f-4fa6-b9f4-755b555c5f92
[2016-08-06 08:52:53,080][INFO][dcm.handler][DefaultMessageListenerContainer-2] Successfully transitioned image:  33ff81ab-976a-4478-8ed0-f8505465ea60
[2016-08-06 08:52:53,143][INFO][dcm.handler][DefaultMessageListenerContainer-2] Successfully transitioned image:  af960d05-52b4-41e0-b3a9-22035d10dc7b
[2016-08-06 08:52:53,201][INFO][dcm.handler][DefaultMessageListenerContainer-2] Successfully transitioned image:  6e9bb34d-2e89-45d4-8566-53047aa695b7
[2016-08-06 08:52:53,307][INFO][dcm.handler][DefaultMessageListenerContainer-2] Successfully transitioned image:  59ec0609-6810-48e9-9e93-b4ea5bcdbde8
[2016-08-06 08:52:53,371][INFO][dcm.handler][DefaultMessageListenerContainer-2] Successfully transitioned image:  e3d4df21-b3f8-42e8-ba44-b094474b4364
[2016-08-06 08:52:53,434][INFO][dcm.handler][DefaultMessageListenerContainer-2] Successfully transitioned image:  d7bec75b-2b36-4bc3-8dcd-4b09be57f317
[2016-08-06 08:52:53,499][INFO][dcm.handler][DefaultMessageListenerContainer-2] Successfully transitioned image:  279d5168-1f82-40df-988b-9972f0e599de
[2016-08-06 08:52:53,562][INFO][dcm.handler][DefaultMessageListenerContainer-2] Successfully transitioned image:  a57c1ace-c7e6-4e6a-863f-1bc3e2dfe190
[2016-08-06 08:52:53,626][INFO][dcm.handler][DefaultMessageListenerContainer-2] Successfully transitioned image:  d846a4e0-b87b-49f7-8818-b3b256610d85
[2016-08-06 08:52:53,691][INFO][dcm.handler][DefaultMessageListenerContainer-2] Successfully transitioned image:  8de19fcc-ba61-4d2b-b740-2d3bcb3d300f
[2016-08-06 08:52:53,755][INFO][dcm.handler][DefaultMessageListenerContainer-2] Successfully transitioned image:  009c9ed1-9f7a-49e9-822d-d9e1354e7e80
[2016-08-06 08:52:53,818][INFO][dcm.handler][DefaultMessageListenerContainer-2] Successfully transitioned image:  34fc6513-656b-46aa-a087-556f828022af
[2016-08-06 08:52:53,819][INFO][org.springframework.jms.connection.CachingConnectionFactory][DefaultMessageListenerContainer-2] Established shared JMS Connection: ActiveMQConnection {id=ID:ryan-ThinkCentre-M57-45558-1470487951319-2:11,clientId=null,started=false}
[2016-08-06 08:52:53,851][INFO][dcm.handler][DefaultMessageListenerContainer-2] =====================Begin video transition==================


